<?xml version="1.0" encoding="UTF-8"?>
<testng-results skipped="0" failed="1" total="4" passed="3">
  <reporter-output>
  </reporter-output>
  <suite name="Default suite" duration-ms="79596" started-at="2019-10-26T04:09:01Z" finished-at="2019-10-26T04:10:21Z">
    <groups>
    </groups>
    <test name="Default test" duration-ms="79596" started-at="2019-10-26T04:09:01Z" finished-at="2019-10-26T04:10:21Z">
      <class name="TestScript">
        <test-method status="PASS" signature="beforeTest()[pri:0, instance:TestScript@28864e92]" name="beforeTest" is-config="true" duration-ms="10964" started-at="2019-10-26T09:39:01Z" finished-at="2019-10-26T09:39:12Z">
          <reporter-output>
          </reporter-output>
        </test-method> <!-- beforeTest -->
        <test-method status="PASS" signature="test01LoginPage()[pri:0, instance:TestScript@28864e92]" name="test01LoginPage" duration-ms="13879" started-at="2019-10-26T09:39:12Z" finished-at="2019-10-26T09:39:26Z">
          <reporter-output>
          </reporter-output>
        </test-method> <!-- test01LoginPage -->
        <test-method status="PASS" signature="test02DashboardPage()[pri:0, instance:TestScript@28864e92]" name="test02DashboardPage" duration-ms="6868" started-at="2019-10-26T09:39:26Z" finished-at="2019-10-26T09:39:33Z">
          <reporter-output>
          </reporter-output>
        </test-method> <!-- test02DashboardPage -->
        <test-method status="PASS" signature="test03SendSMSPage()[pri:0, instance:TestScript@28864e92]" name="test03SendSMSPage" duration-ms="12366" started-at="2019-10-26T09:39:33Z" finished-at="2019-10-26T09:39:46Z">
          <reporter-output>
          </reporter-output>
        </test-method> <!-- test03SendSMSPage -->
        <test-method status="FAIL" signature="test04SendSMSPage()[pri:0, instance:TestScript@28864e92]" name="test04SendSMSPage" duration-ms="30592" started-at="2019-10-26T09:39:46Z" finished-at="2019-10-26T09:40:16Z">
          <exception class="org.openqa.selenium.NoSuchElementException">
            <message>
              <![CDATA[no such element: Unable to locate element: {"method":"xpath","selector":"//button[@class='swal2-cancel swal-cancel-button-class swal2-styled']"}
  (Session info: chrome=77.0.3865.120)
For documentation on this error, please visit: http://seleniumhq.org/exceptions/no_such_element.html
Build info: version: '3.14.0', revision: 'aacccce0', time: '2018-08-02T20:19:58.91Z'
System info: host: 'AASHISH-PC', ip: '192.168.91.1', os.name: 'Windows 7', os.arch: 'amd64', os.version: '6.1', java.version: '1.8.0_201'
Driver info: org.openqa.selenium.chrome.ChromeDriver
Capabilities {acceptInsecureCerts: false, browserName: chrome, browserVersion: 77.0.3865.120, chrome: {chromedriverVersion: 77.0.3865.40 (f484704e052e0..., userDataDir: C:\Users\Aashish\AppData\Lo...}, goog:chromeOptions: {debuggerAddress: localhost:53591}, javascriptEnabled: true, networkConnectionEnabled: false, pageLoadStrategy: normal, platform: XP, platformName: XP, proxy: Proxy(), setWindowRect: true, strictFileInteractability: false, timeouts: {implicit: 0, pageLoad: 300000, script: 30000}, unhandledPromptBehavior: dismiss and notify}
Session ID: c945c84428db029282bf6b8869995d0a
*** Element info: {Using=xpath, value=//button[@class='swal2-cancel swal-cancel-button-class swal2-styled']}]]>
            </message>
            <full-stacktrace>
              <![CDATA[org.openqa.selenium.NoSuchElementException: no such element: Unable to locate element: {"method":"xpath","selector":"//button[@class='swal2-cancel swal-cancel-button-class swal2-styled']"}
  (Session info: chrome=77.0.3865.120)
For documentation on this error, please visit: http://seleniumhq.org/exceptions/no_such_element.html
Build info: version: '3.14.0', revision: 'aacccce0', time: '2018-08-02T20:19:58.91Z'
System info: host: 'AASHISH-PC', ip: '192.168.91.1', os.name: 'Windows 7', os.arch: 'amd64', os.version: '6.1', java.version: '1.8.0_201'
Driver info: org.openqa.selenium.chrome.ChromeDriver
Capabilities {acceptInsecureCerts: false, browserName: chrome, browserVersion: 77.0.3865.120, chrome: {chromedriverVersion: 77.0.3865.40 (f484704e052e0..., userDataDir: C:\Users\Aashish\AppData\Lo...}, goog:chromeOptions: {debuggerAddress: localhost:53591}, javascriptEnabled: true, networkConnectionEnabled: false, pageLoadStrategy: normal, platform: XP, platformName: XP, proxy: Proxy(), setWindowRect: true, strictFileInteractability: false, timeouts: {implicit: 0, pageLoad: 300000, script: 30000}, unhandledPromptBehavior: dismiss and notify}
Session ID: c945c84428db029282bf6b8869995d0a
*** Element info: {Using=xpath, value=//button[@class='swal2-cancel swal-cancel-button-class swal2-styled']}
	at sun.reflect.NativeConstructorAccessorImpl.newInstance0(Native Method)
	at sun.reflect.NativeConstructorAccessorImpl.newInstance(NativeConstructorAccessorImpl.java:62)
	at sun.reflect.DelegatingConstructorAccessorImpl.newInstance(DelegatingConstructorAccessorImpl.java:45)
	at java.lang.reflect.Constructor.newInstance(Constructor.java:423)
	at org.openqa.selenium.remote.http.W3CHttpResponseCodec.createException(W3CHttpResponseCodec.java:187)
	at org.openqa.selenium.remote.http.W3CHttpResponseCodec.decode(W3CHttpResponseCodec.java:122)
	at org.openqa.selenium.remote.http.W3CHttpResponseCodec.decode(W3CHttpResponseCodec.java:49)
	at org.openqa.selenium.remote.HttpCommandExecutor.execute(HttpCommandExecutor.java:158)
	at org.openqa.selenium.remote.service.DriverCommandExecutor.execute(DriverCommandExecutor.java:83)
	at org.openqa.selenium.remote.RemoteWebDriver.execute(RemoteWebDriver.java:548)
	at org.openqa.selenium.remote.RemoteWebDriver.findElement(RemoteWebDriver.java:322)
	at org.openqa.selenium.remote.RemoteWebDriver.findElementByXPath(RemoteWebDriver.java:424)
	at org.openqa.selenium.By$ByXPath.findElement(By.java:353)
	at org.openqa.selenium.remote.RemoteWebDriver.findElement(RemoteWebDriver.java:314)
	at TestScript.test04SendSMSPage(TestScript.java:135)
	at sun.reflect.NativeMethodAccessorImpl.invoke0(Native Method)
	at sun.reflect.NativeMethodAccessorImpl.invoke(NativeMethodAccessorImpl.java:62)
	at sun.reflect.DelegatingMethodAccessorImpl.invoke(DelegatingMethodAccessorImpl.java:43)
	at java.lang.reflect.Method.invoke(Method.java:498)
	at org.testng.internal.MethodInvocationHelper.invokeMethod(MethodInvocationHelper.java:80)
	at org.testng.internal.Invoker.invokeMethod(Invoker.java:714)
	at org.testng.internal.Invoker.invokeTestMethod(Invoker.java:901)
	at org.testng.internal.Invoker.invokeTestMethods(Invoker.java:1231)
	at org.testng.internal.TestMethodWorker.invokeTestMethods(TestMethodWorker.java:127)
	at org.testng.internal.TestMethodWorker.run(TestMethodWorker.java:111)
	at org.testng.TestRunner.privateRun(TestRunner.java:767)
	at org.testng.TestRunner.run(TestRunner.java:617)
	at org.testng.SuiteRunner.runTest(SuiteRunner.java:334)
	at org.testng.SuiteRunner.runSequentially(SuiteRunner.java:329)
	at org.testng.SuiteRunner.privateRun(SuiteRunner.java:291)
	at org.testng.SuiteRunner.run(SuiteRunner.java:240)
	at org.testng.SuiteRunnerWorker.runSuite(SuiteRunnerWorker.java:52)
	at org.testng.SuiteRunnerWorker.run(SuiteRunnerWorker.java:86)
	at org.testng.TestNG.runSuitesSequentially(TestNG.java:1198)
	at org.testng.TestNG.runSuitesLocally(TestNG.java:1123)
	at org.testng.TestNG.run(TestNG.java:1031)
	at org.testng.remote.RemoteTestNG.run(RemoteTestNG.java:115)
	at org.testng.remote.RemoteTestNG.initAndRun(RemoteTestNG.java:207)
	at org.testng.remote.RemoteTestNG.main(RemoteTestNG.java:178)
]]>
            </full-stacktrace>
          </exception> <!-- org.openqa.selenium.NoSuchElementException -->
          <reporter-output>
          </reporter-output>
        </test-method> <!-- test04SendSMSPage -->
        <test-method status="PASS" signature="reportSend()[pri:0, instance:TestScript@28864e92]" name="reportSend" is-config="true" duration-ms="4169" started-at="2019-10-26T09:40:16Z" finished-at="2019-10-26T09:40:20Z">
          <reporter-output>
          </reporter-output>
        </test-method> <!-- reportSend -->
        <test-method status="PASS" signature="afterTest()[pri:0, instance:TestScript@28864e92]" name="afterTest" is-config="true" duration-ms="687" started-at="2019-10-26T09:40:20Z" finished-at="2019-10-26T09:40:21Z">
          <reporter-output>
          </reporter-output>
        </test-method> <!-- afterTest -->
      </class> <!-- TestScript -->
    </test> <!-- Default test -->
  </suite> <!-- Default suite -->
</testng-results>
